<?xml version="1.0" encoding="UTF-8"?>
<!-- Generated by org.testng.reporters.JUnitReportReporter -->
<testsuite skipped="0" hostname="DESKTOP-K720T7V" name="Demo" tests="1" failures="0" timestamp="2021-11-24T16:30:30 IST" time="1.485" errors="0">
  <testcase name="test" time="1.485" classname="Demo"/>
</testsuite> <!-- Demo -->
